app/build/intermediates/manifest_merge_blame_file/debug/processDebugMainManifest/manifest-merger-blame-debug-report.txt
1<?xml version="1.0" encoding="utf-8"?>
2<manifest xmlns:android="http://schemas.android.com/apk/res/android"
3    package="com.rajavavapor.app"
4    android:versionCode="1"
5    android:versionName="1.0.0" >
6
7    <uses-sdk
8        android:minSdkVersion="26"
9        android:targetSdkVersion="34" />
10
11    <uses-permission android:name="android.permission.INTERNET" />
11-->src/main/AndroidManifest.xml:4:5-67
11-->src/main/AndroidManifest.xml:4:22-64
12    <uses-permission android:name="android.permission.ACCESS_NETWORK_STATE" />
12-->src/main/AndroidManifest.xml:5:5-79
12-->src/main/AndroidManifest.xml:5:22-76
13    <uses-permission android:name="android.permission.BLUETOOTH" />
13-->src/main/AndroidManifest.xml:6:5-68
13-->src/main/AndroidManifest.xml:6:22-65
14    <uses-permission android:name="android.permission.BLUETOOTH_ADMIN" />
14-->src/main/AndroidManifest.xml:7:5-74
14-->src/main/AndroidManifest.xml:7:22-71
15    <uses-permission android:name="android.permission.BLUETOOTH_CONNECT" />
15-->src/main/AndroidManifest.xml:8:5-76
15-->src/main/AndroidManifest.xml:8:22-73
16    <uses-permission android:name="android.permission.BLUETOOTH_SCAN" />
16-->src/main/AndroidManifest.xml:9:5-73
16-->src/main/AndroidManifest.xml:9:22-70
17    <uses-permission android:name="android.permission.ACCESS_FINE_LOCATION" />
17-->src/main/AndroidManifest.xml:10:5-79
17-->src/main/AndroidManifest.xml:10:22-76
18    <uses-permission android:name="android.permission.ACCESS_COARSE_LOCATION" />
18-->src/main/AndroidManifest.xml:11:5-81
18-->src/main/AndroidManifest.xml:11:22-78
19    <uses-permission android:name="android.permission.CAMERA" />
19-->src/main/AndroidManifest.xml:12:5-65
19-->src/main/AndroidManifest.xml:12:22-62
20    <uses-permission android:name="android.permission.READ_MEDIA_IMAGES" />
20-->src/main/AndroidManifest.xml:13:5-76
20-->src/main/AndroidManifest.xml:13:22-73
21    <uses-permission android:name="android.permission.READ_MEDIA_VIDEO" />
21-->src/main/AndroidManifest.xml:14:5-75
21-->src/main/AndroidManifest.xml:14:22-72
22    <uses-permission
22-->src/main/AndroidManifest.xml:15:5-107
23        android:name="android.permission.READ_EXTERNAL_STORAGE"
23-->src/main/AndroidManifest.xml:15:22-77
24        android:maxSdkVersion="32" />
24-->src/main/AndroidManifest.xml:15:78-104
25    <uses-permission
25-->src/main/AndroidManifest.xml:16:5-108
26        android:name="android.permission.WRITE_EXTERNAL_STORAGE"
26-->src/main/AndroidManifest.xml:16:22-78
27        android:maxSdkVersion="29" />
27-->src/main/AndroidManifest.xml:16:79-105
28
29    <uses-feature
29-->src/main/AndroidManifest.xml:18:5-88
30        android:name="android.hardware.bluetooth"
30-->src/main/AndroidManifest.xml:18:19-60
31        android:required="false" />
31-->src/main/AndroidManifest.xml:18:61-85
32
33    <permission
33-->[androidx.core:core:1.12.0] AndroidManifest.xml:22:5-24:47
34        android:name="com.rajavavapor.app.DYNAMIC_RECEIVER_NOT_EXPORTED_PERMISSION"
34-->[androidx.core:core:1.12.0] AndroidManifest.xml:23:9-81
35        android:protectionLevel="signature" />
35-->[androidx.core:core:1.12.0] AndroidManifest.xml:24:9-44
36
37    <uses-permission android:name="com.rajavavapor.app.DYNAMIC_RECEIVER_NOT_EXPORTED_PERMISSION" />
37-->[androidx.core:core:1.12.0] AndroidManifest.xml:26:5-97
37-->[androidx.core:core:1.12.0] AndroidManifest.xml:26:22-94
38
39    <application
39-->src/main/AndroidManifest.xml:20:5-48:19
40        android:allowBackup="true"
40-->src/main/AndroidManifest.xml:21:9-35
41        android:appComponentFactory="androidx.core.app.CoreComponentFactory"
41-->[androidx.core:core:1.12.0] AndroidManifest.xml:28:18-86
42        android:debuggable="true"
43        android:extractNativeLibs="false"
44        android:icon="@mipmap/ic_launcher"
44-->src/main/AndroidManifest.xml:22:9-43
45        android:label="@string/app_name"
45-->src/main/AndroidManifest.xml:23:9-41
46        android:networkSecurityConfig="@xml/network_security_config"
46-->src/main/AndroidManifest.xml:28:9-69
47        android:roundIcon="@mipmap/ic_launcher"
47-->src/main/AndroidManifest.xml:24:9-48
48        android:supportsRtl="true"
48-->src/main/AndroidManifest.xml:25:9-35
49        android:theme="@style/Theme.RajaVapor"
49-->src/main/AndroidManifest.xml:26:9-47
50        android:usesCleartextTraffic="true" >
50-->src/main/AndroidManifest.xml:27:9-44
51        <activity
51-->src/main/AndroidManifest.xml:30:9-31:51
52            android:name="com.rajavavapor.app.BarcodeScannerActivity"
52-->src/main/AndroidManifest.xml:30:19-57
53            android:screenOrientation="portrait" />
53-->src/main/AndroidManifest.xml:31:13-49
54        <activity
54-->src/main/AndroidManifest.xml:32:9-40:20
55            android:name="com.rajavavapor.app.SplashActivity"
55-->src/main/AndroidManifest.xml:33:13-43
56            android:exported="true"
56-->src/main/AndroidManifest.xml:34:13-36
57            android:theme="@style/Theme.RajaVapor.Splash" >
57-->src/main/AndroidManifest.xml:35:13-58
58            <intent-filter>
58-->src/main/AndroidManifest.xml:36:13-39:29
59                <action android:name="android.intent.action.MAIN" />
59-->src/main/AndroidManifest.xml:37:17-69
59-->src/main/AndroidManifest.xml:37:25-66
60
61                <category android:name="android.intent.category.LAUNCHER" />
61-->src/main/AndroidManifest.xml:38:17-77
61-->src/main/AndroidManifest.xml:38:27-74
62            </intent-filter>
63        </activity>
64        <activity
64-->src/main/AndroidManifest.xml:42:9-46:47
65            android:name="com.rajavavapor.app.MainActivity"
65-->src/main/AndroidManifest.xml:43:13-41
66            android:configChanges="orientation|screenSize|keyboardHidden"
66-->src/main/AndroidManifest.xml:45:13-74
67            android:exported="false"
67-->src/main/AndroidManifest.xml:44:13-37
68            android:launchMode="singleTask" />
68-->src/main/AndroidManifest.xml:46:13-44
69
70        <!--
71        Service for holding metadata. Cannot be instantiated.
72        Metadata will be merged from other manifests.
73        -->
74        <service
74-->[androidx.camera:camera-core:1.3.1] AndroidManifest.xml:29:9-33:78
75            android:name="androidx.camera.core.impl.MetadataHolderService"
75-->[androidx.camera:camera-core:1.3.1] AndroidManifest.xml:30:13-75
76            android:enabled="false"
76-->[androidx.camera:camera-core:1.3.1] AndroidManifest.xml:31:13-36
77            android:exported="false" >
77-->[androidx.camera:camera-core:1.3.1] AndroidManifest.xml:32:13-37
78            <meta-data
78-->[androidx.camera:camera-camera2:1.3.1] AndroidManifest.xml:30:13-32:89
79                android:name="androidx.camera.core.impl.MetadataHolderService.DEFAULT_CONFIG_PROVIDER"
79-->[androidx.camera:camera-camera2:1.3.1] AndroidManifest.xml:31:17-103
80                android:value="androidx.camera.camera2.Camera2Config$DefaultProvider" />
80-->[androidx.camera:camera-camera2:1.3.1] AndroidManifest.xml:32:17-86
81        </service>
82
83        <provider
83-->[androidx.emoji2:emoji2:1.2.0] AndroidManifest.xml:24:9-32:20
84            android:name="androidx.startup.InitializationProvider"
84-->[androidx.emoji2:emoji2:1.2.0] AndroidManifest.xml:25:13-67
85            android:authorities="com.rajavavapor.app.androidx-startup"
85-->[androidx.emoji2:emoji2:1.2.0] AndroidManifest.xml:26:13-68
86            android:exported="false" >
86-->[androidx.emoji2:emoji2:1.2.0] AndroidManifest.xml:27:13-37
87            <meta-data
87-->[androidx.emoji2:emoji2:1.2.0] AndroidManifest.xml:29:13-31:52
88                android:name="androidx.emoji2.text.EmojiCompatInitializer"
88-->[androidx.emoji2:emoji2:1.2.0] AndroidManifest.xml:30:17-75
89                android:value="androidx.startup" />
89-->[androidx.emoji2:emoji2:1.2.0] AndroidManifest.xml:31:17-49
90            <meta-data
90-->[androidx.lifecycle:lifecycle-process:2.6.1] AndroidManifest.xml:29:13-31:52
91                android:name="androidx.lifecycle.ProcessLifecycleInitializer"
91-->[androidx.lifecycle:lifecycle-process:2.6.1] AndroidManifest.xml:30:17-78
92                android:value="androidx.startup" />
92-->[androidx.lifecycle:lifecycle-process:2.6.1] AndroidManifest.xml:31:17-49
93            <meta-data
93-->[androidx.profileinstaller:profileinstaller:1.3.0] AndroidManifest.xml:29:13-31:52
94                android:name="androidx.profileinstaller.ProfileInstallerInitializer"
94-->[androidx.profileinstaller:profileinstaller:1.3.0] AndroidManifest.xml:30:17-85
95                android:value="androidx.startup" />
95-->[androidx.profileinstaller:profileinstaller:1.3.0] AndroidManifest.xml:31:17-49
96        </provider>
97
98        <service
98-->[com.google.android.gms:play-services-mlkit-barcode-scanning:18.3.0] AndroidManifest.xml:9:9-15:19
99            android:name="com.google.mlkit.common.internal.MlKitComponentDiscoveryService"
99-->[com.google.android.gms:play-services-mlkit-barcode-scanning:18.3.0] AndroidManifest.xml:10:13-91
100            android:directBootAware="true"
100-->[com.google.mlkit:common:18.9.0] AndroidManifest.xml:17:13-43
101            android:exported="false" >
101-->[com.google.android.gms:play-services-mlkit-barcode-scanning:18.3.0] AndroidManifest.xml:11:13-37
102            <meta-data
102-->[com.google.android.gms:play-services-mlkit-barcode-scanning:18.3.0] AndroidManifest.xml:12:13-14:85
103                android:name="com.google.firebase.components:com.google.mlkit.vision.barcode.internal.BarcodeRegistrar"
103-->[com.google.android.gms:play-services-mlkit-barcode-scanning:18.3.0] AndroidManifest.xml:13:17-120
104                android:value="com.google.firebase.components.ComponentRegistrar" />
104-->[com.google.android.gms:play-services-mlkit-barcode-scanning:18.3.0] AndroidManifest.xml:14:17-82
105            <meta-data
105-->[com.google.mlkit:vision-common:17.3.0] AndroidManifest.xml:12:13-14:85
106                android:name="com.google.firebase.components:com.google.mlkit.vision.common.internal.VisionCommonRegistrar"
106-->[com.google.mlkit:vision-common:17.3.0] AndroidManifest.xml:13:17-124
107                android:value="com.google.firebase.components.ComponentRegistrar" />
107-->[com.google.mlkit:vision-common:17.3.0] AndroidManifest.xml:14:17-82
108            <meta-data
108-->[com.google.mlkit:common:18.9.0] AndroidManifest.xml:20:13-22:85
109                android:name="com.google.firebase.components:com.google.mlkit.common.internal.CommonComponentRegistrar"
109-->[com.google.mlkit:common:18.9.0] AndroidManifest.xml:21:17-120
110                android:value="com.google.firebase.components.ComponentRegistrar" />
110-->[com.google.mlkit:common:18.9.0] AndroidManifest.xml:22:17-82
111        </service>
112
113        <provider
113-->[com.google.mlkit:common:18.9.0] AndroidManifest.xml:9:9-13:38
114            android:name="com.google.mlkit.common.internal.MlKitInitProvider"
114-->[com.google.mlkit:common:18.9.0] AndroidManifest.xml:10:13-78
115            android:authorities="com.rajavavapor.app.mlkitinitprovider"
115-->[com.google.mlkit:common:18.9.0] AndroidManifest.xml:11:13-69
116            android:exported="false"
116-->[com.google.mlkit:common:18.9.0] AndroidManifest.xml:12:13-37
117            android:initOrder="99" />
117-->[com.google.mlkit:common:18.9.0] AndroidManifest.xml:13:13-35
118
119        <activity
119-->[com.google.android.gms:play-services-base:18.1.0] AndroidManifest.xml:20:9-22:45
120            android:name="com.google.android.gms.common.api.GoogleApiActivity"
120-->[com.google.android.gms:play-services-base:18.1.0] AndroidManifest.xml:20:19-85
121            android:exported="false"
121-->[com.google.android.gms:play-services-base:18.1.0] AndroidManifest.xml:22:19-43
122            android:theme="@android:style/Theme.Translucent.NoTitleBar" />
122-->[com.google.android.gms:play-services-base:18.1.0] AndroidManifest.xml:21:19-78
123
124        <meta-data
124-->[com.google.android.gms:play-services-basement:18.1.0] AndroidManifest.xml:21:9-23:69
125            android:name="com.google.android.gms.version"
125-->[com.google.android.gms:play-services-basement:18.1.0] AndroidManifest.xml:22:13-58
126            android:value="@integer/google_play_services_version" />
126-->[com.google.android.gms:play-services-basement:18.1.0] AndroidManifest.xml:23:13-66
127
128        <receiver
128-->[androidx.profileinstaller:profileinstaller:1.3.0] AndroidManifest.xml:34:9-52:20
129            android:name="androidx.profileinstaller.ProfileInstallReceiver"
129-->[androidx.profileinstaller:profileinstaller:1.3.0] AndroidManifest.xml:35:13-76
130            android:directBootAware="false"
130-->[androidx.profileinstaller:profileinstaller:1.3.0] AndroidManifest.xml:36:13-44
131            android:enabled="true"
131-->[androidx.profileinstaller:profileinstaller:1.3.0] AndroidManifest.xml:37:13-35
132            android:exported="true"
132-->[androidx.profileinstaller:profileinstaller:1.3.0] AndroidManifest.xml:38:13-36
133            android:permission="android.permission.DUMP" >
133-->[androidx.profileinstaller:profileinstaller:1.3.0] AndroidManifest.xml:39:13-57
134            <intent-filter>
134-->[androidx.profileinstaller:profileinstaller:1.3.0] AndroidManifest.xml:40:13-42:29
135                <action android:name="androidx.profileinstaller.action.INSTALL_PROFILE" />
135-->[androidx.profileinstaller:profileinstaller:1.3.0] AndroidManifest.xml:41:17-91
135-->[androidx.profileinstaller:profileinstaller:1.3.0] AndroidManifest.xml:41:25-88
136            </intent-filter>
137            <intent-filter>
137-->[androidx.profileinstaller:profileinstaller:1.3.0] AndroidManifest.xml:43:13-45:29
138                <action android:name="androidx.profileinstaller.action.SKIP_FILE" />
138-->[androidx.profileinstaller:profileinstaller:1.3.0] AndroidManifest.xml:44:17-85
138-->[androidx.profileinstaller:profileinstaller:1.3.0] AndroidManifest.xml:44:25-82
139            </intent-filter>
140            <intent-filter>
140-->[androidx.profileinstaller:profileinstaller:1.3.0] AndroidManifest.xml:46:13-48:29
141                <action android:name="androidx.profileinstaller.action.SAVE_PROFILE" />
141-->[androidx.profileinstaller:profileinstaller:1.3.0] AndroidManifest.xml:47:17-88
141-->[androidx.profileinstaller:profileinstaller:1.3.0] AndroidManifest.xml:47:25-85
142            </intent-filter>
143            <intent-filter>
143-->[androidx.profileinstaller:profileinstaller:1.3.0] AndroidManifest.xml:49:13-51:29
144                <action android:name="androidx.profileinstaller.action.BENCHMARK_OPERATION" />
144-->[androidx.profileinstaller:profileinstaller:1.3.0] AndroidManifest.xml:50:17-95
144-->[androidx.profileinstaller:profileinstaller:1.3.0] AndroidManifest.xml:50:25-92
145            </intent-filter>
146        </receiver>
147
148        <service
148-->[com.google.android.datatransport:transport-backend-cct:2.3.3] AndroidManifest.xml:29:9-35:19
149            android:name="com.google.android.datatransport.runtime.backends.TransportBackendDiscovery"
149-->[com.google.android.datatransport:transport-backend-cct:2.3.3] AndroidManifest.xml:30:13-103
150            android:exported="false" >
150-->[com.google.android.datatransport:transport-backend-cct:2.3.3] AndroidManifest.xml:31:13-37
151            <meta-data
151-->[com.google.android.datatransport:transport-backend-cct:2.3.3] AndroidManifest.xml:32:13-34:39
152                android:name="backend:com.google.android.datatransport.cct.CctBackendFactory"
152-->[com.google.android.datatransport:transport-backend-cct:2.3.3] AndroidManifest.xml:33:17-94
153                android:value="cct" />
153-->[com.google.android.datatransport:transport-backend-cct:2.3.3] AndroidManifest.xml:34:17-36
154        </service>
155        <service
155-->[com.google.android.datatransport:transport-runtime:2.2.6] AndroidManifest.xml:26:9-30:19
156            android:name="com.google.android.datatransport.runtime.scheduling.jobscheduling.JobInfoSchedulerService"
156-->[com.google.android.datatransport:transport-runtime:2.2.6] AndroidManifest.xml:27:13-117
157            android:exported="false"
157-->[com.google.android.datatransport:transport-runtime:2.2.6] AndroidManifest.xml:28:13-37
158            android:permission="android.permission.BIND_JOB_SERVICE" >
158-->[com.google.android.datatransport:transport-runtime:2.2.6] AndroidManifest.xml:29:13-69
159        </service>
160
161        <receiver
161-->[com.google.android.datatransport:transport-runtime:2.2.6] AndroidManifest.xml:32:9-34:40
162            android:name="com.google.android.datatransport.runtime.scheduling.jobscheduling.AlarmManagerSchedulerBroadcastReceiver"
162-->[com.google.android.datatransport:transport-runtime:2.2.6] AndroidManifest.xml:33:13-132
163            android:exported="false" />
163-->[com.google.android.datatransport:transport-runtime:2.2.6] AndroidManifest.xml:34:13-37
164    </application>
165
166</manifest>